[backblue.gif]
[fade.gif]
[index.html]
[ajax.googleapis.com/ajax/libs/jquery/1/jquery.min.js]
[invitacionesvirtuales.net/salon/js/jquery.countdown.js]
[invitacionesvirtuales.net/apple-touch-icon.png]
[invitacionesvirtuales.net/favicon-32x32.png]
[invitacionesvirtuales.net/favicon-16x16.png]
[invitacionesvirtuales.net/salon/favicon-32x32.png]
[invitacionesvirtuales.net/salon/favicon-16x16.png]
[platform-api.sharethis.com/js/sharethis.js]
[invitacionesvirtuales.net/assets/ayi-portada-3.jpg]
[invitacionesvirtuales.net/assets/distritobarracas-logo17006083117832.png]
[invitacionesvirtuales.net/salon/invitacionper9c34.html]
[invitacionesvirtuales.net/salon/estilo.css]
[invitacionesvirtuales.net/salon/style-invit.css]
[invitacionesvirtuales.net/salon/images/confirmacionasistencia.jpg]
[invitacionesvirtuales.net/assets/ayi-wsps.jpg]
[invitacionesvirtuales.net/salon/confirmacionp60e1.html]
[invitacionesvirtuales.net/salon/reserva.css]
